<?xml version="1.0" encoding="UTF-8"?>
<testsuites name="Mocha Tests" time="33.787" tests="1" failures="0">
  <testsuite name="Root Suite" timestamp="2023-05-27T11:55:51" tests="0" file="cypress\e2e\Demo2.cy.ts" time="0.000" failures="0">
  </testsuite>
  <testsuite name="Demo2_TestSuite" timestamp="2023-05-27T11:55:51" tests="1" time="33.330" failures="0">
    <testcase name="Demo2_TestSuite Demo_TestCase2" time="1.483" classname="Demo_TestCase2">
    </testcase>
  </testsuite>
</testsuites>