<?xml version="1.0" encoding="UTF-8"?>
<testsuites name="Mocha Tests" time="10.045" tests="1" failures="0">
  <testsuite name="Root Suite" timestamp="2023-05-25T16:16:58" tests="0" file="cypress\e2e\Demo2.cy.ts" time="0.000" failures="0">
  </testsuite>
  <testsuite name="Demo2_TestSuite" timestamp="2023-05-25T16:16:58" tests="1" time="9.954" failures="0">
    <testcase name="Demo2_TestSuite Demo_TestCase2" time="5.523" classname="Demo_TestCase2">
    </testcase>
  </testsuite>
</testsuites>