<?xml version="1.0" encoding="UTF-8"?>
<testsuites name="Mocha Tests" time="32.411" tests="1" failures="0">
  <testsuite name="Root Suite" timestamp="2023-05-27T04:29:01" tests="0" file="cypress\e2e\Topic22.cy.ts" time="0.000" failures="0">
  </testsuite>
  <testsuite name="Topic22_TestSuite" timestamp="2023-05-27T04:29:01" tests="1" time="32.314" failures="0">
    <testcase name="Topic22_TestSuite BlazeDemo_ClientSide_UI_PerformanceTesting" time="26.618" classname="BlazeDemo_ClientSide_UI_PerformanceTesting">
    </testcase>
  </testsuite>
</testsuites>