<?xml version="1.0" encoding="UTF-8"?>
<testsuites name="Mocha Tests" time="6.569" tests="1" failures="0">
  <testsuite name="Root Suite" timestamp="2023-05-27T11:55:39" tests="0" file="cypress\e2e\Demo1.cy.ts" time="0.000" failures="0">
  </testsuite>
  <testsuite name="Demo1_TestSuite" timestamp="2023-05-27T11:55:39" tests="1" time="6.454" failures="0">
    <testcase name="Demo1_TestSuite Demo_TestCase1" time="1.819" classname="Demo_TestCase1">
    </testcase>
  </testsuite>
</testsuites>